<?xml version="1.0" encoding="UTF-8"?>
<!-- Generated by org.testng.reporters.JUnitReportReporter -->
<testsuite skipped="0" hostname="comp11" name="com.info.Infoway.InfowayApplicationTests" tests="1" failures="0" timestamp="14 Jun 2019 10:35:05 GMT" time="0.020" errors="0">
  <testcase name="contextLoads" time="0.020" classname="com.info.Infoway.InfowayApplicationTests"/>
</testsuite> <!-- com.info.Infoway.InfowayApplicationTests -->
